<?xml version="1.0" encoding="UTF-8"?>
<!-- Generated by org.testng.reporters.JUnitXMLReporter -->
<testsuite ignored="2" hostname="LAPTOP-PE73JGE2" failures="0" tests="4" name="Test-Runner-1" time="116.388" errors="0" timestamp="2024-03-08T08:57:32 IST">
  <testcase classname="contactsTests.CreateNewContactTest" name="createContactWithMandatoryDetails1" time="19.617"/>
  <testcase classname="contactsTests.CreateNewContactTest" name="createContactWithMandatoryDetails2" time="16.577"/>
  <testcase classname="contactsTests.SearchContactTest" name="createContactWithMandatoryDetails1" time="15.063"/>
  <testcase classname="contactsTests.SearchContactTest" name="searchContact" time="7.717"/>
  <testcase classname="genericUtilities.BaseClass" name="@AfterSuite afterSuite" time="0.0">
    <ignored/>
  </testcase> <!-- @AfterSuite afterSuite -->
  <testcase classname="genericUtilities.BaseClass" name="@BeforeSuite bsConfig" time="0.0">
    <ignored/>
  </testcase> <!-- @BeforeSuite bsConfig -->
</testsuite> <!-- Test-Runner-1 -->
