<?xml version="1.0" encoding="UTF-8"?>
<!-- Generated by org.testng.reporters.JUnitReportReporter -->
<testsuite hostname="LAPTOP-PE73JGE2" failures="0" tests="2" name="contactsTests.SearchContactTest" time="28.454" errors="0" timestamp="2024-03-25T10:53:02 IST" skipped="0">
  <testcase classname="contactsTests.SearchContactTest" name="searchContact1" time="12.800"/>
  <system-out/>
  <testcase classname="contactsTests.SearchContactTest" name="searchContact2" time="15.654"/>
  <system-out/>
</testsuite> <!-- contactsTests.SearchContactTest -->
