<?xml version="1.0" encoding="UTF-8"?>
<!-- Generated by org.testng.reporters.JUnitReportReporter -->
<testsuite hostname="LAPTOP-PE73JGE2" failures="0" tests="6" name="contactsTests.CreateNewContactTest" time="78.648" errors="0" timestamp="2024-03-25T12:56:38 IST" skipped="0">
  <testcase classname="contactsTests.CreateNewContactTest" name="createContactWithMandatoryDetails2" time="12.707"/>
  <system-out/>
  <testcase classname="contactsTests.CreateNewContactTest" name="createContactWithMandatoryDetails1" time="13.328"/>
  <system-out/>
  <testcase classname="contactsTests.CreateNewContactTest" name="createContactWithMandatoryDetails1" time="13.041"/>
  <system-out/>
  <testcase classname="contactsTests.CreateNewContactTest" name="createContactWithMandatoryDetails1" time="13.065"/>
  <system-out/>
  <testcase classname="contactsTests.CreateNewContactTest" name="createContactWithMandatoryDetails2" time="13.177"/>
  <system-out/>
  <testcase classname="contactsTests.CreateNewContactTest" name="createContactWithMandatoryDetails2" time="13.330"/>
  <system-out/>
</testsuite> <!-- contactsTests.CreateNewContactTest -->
