<?xml version="1.0" encoding="UTF-8"?>
<!-- Generated by org.testng.reporters.JUnitReportReporter -->
<testsuite hostname="LAPTOP-PE73JGE2" failures="0" tests="1" name="contactsTests.DeleteBulkContactTest" time="30.187" errors="0" timestamp="2024-03-17T10:22:45 IST" skipped="0">
  <testcase classname="contactsTests.DeleteBulkContactTest" name="deleteBulkContact2" time="30.187"/>
  <system-out/>
</testsuite> <!-- contactsTests.DeleteBulkContactTest -->
