<?xml version="1.0" encoding="UTF-8"?>
<!-- Generated by org.testng.reporters.JUnitReportReporter -->
<testsuite hostname="LAPTOP-PE73JGE2" failures="0" tests="1" name="MakeMyTrip" time="28.735" errors="0" timestamp="2024-03-07T17:24:44 IST" skipped="0">
  <testcase classname="MakeMyTrip" name="makeMyTrip" time="28.735"/>
  <system-out/>
</testsuite> <!-- MakeMyTrip -->
