<?xml version="1.0" encoding="UTF-8"?>
<!-- Generated by org.testng.reporters.JUnitReportReporter -->
<testsuite hostname="LAPTOP-PE73JGE2" failures="0" tests="2" name="contactsTests.SearchContactTest" time="29.851" errors="0" timestamp="2024-03-25T12:56:38 IST" skipped="0">
  <testcase classname="contactsTests.SearchContactTest" name="searchContact2" time="12.914"/>
  <system-out/>
  <testcase classname="contactsTests.SearchContactTest" name="searchContact1" time="16.937"/>
  <system-out/>
</testsuite> <!-- contactsTests.SearchContactTest -->
