<?xml version="1.0" encoding="UTF-8"?>
<!-- Generated by org.testng.reporters.JUnitReportReporter -->
<testsuite hostname="LAPTOP-PE73JGE2" failures="0" tests="1" name="contactsTests.EditContactTest" time="22.651" errors="0" timestamp="2024-03-25T10:53:02 IST" skipped="0">
  <testcase classname="contactsTests.EditContactTest" name="editCreatedContactWithRequiredDetails" time="22.651"/>
  <system-out/>
</testsuite> <!-- contactsTests.EditContactTest -->
