<?xml version="1.0" encoding="UTF-8"?>
<!-- Generated by org.testng.reporters.JUnitReportReporter -->
<testsuite hostname="LAPTOP-PE73JGE2" failures="0" tests="1" name="contactsTests.DeleteContactTest" time="20.146" errors="0" timestamp="2024-03-25T12:56:38 IST" skipped="0">
  <testcase classname="contactsTests.DeleteContactTest" name="deleteCreatedContact1" time="20.146"/>
  <system-out/>
</testsuite> <!-- contactsTests.DeleteContactTest -->
