<?xml version="1.0" encoding="UTF-8"?>
<!-- Generated by org.testng.reporters.JUnitReportReporter -->
<testsuite hostname="LAPTOP-PE73JGE2" failures="0" tests="2" name="practice.DataProviderPractice" time="12.894" errors="0" timestamp="2024-04-15T05:14:16 IST" skipped="0">
  <testcase classname="practice.DataProviderPractice" name="loginToApp" time="6.581"/>
  <system-out/>
  <testcase classname="practice.DataProviderPractice" name="loginToApp" time="6.313"/>
  <system-out/>
</testsuite> <!-- practice.DataProviderPractice -->
