<?xml version="1.0" encoding="UTF-8"?>
<!-- Generated by org.testng.reporters.JUnitReportReporter -->
<testsuite hostname="LAPTOP-PE73JGE2" failures="0" tests="1" name="contactsTests.DeleteBulkContactTest" time="21.354" errors="0" timestamp="2024-03-25T12:56:38 IST" skipped="0">
  <testcase classname="contactsTests.DeleteBulkContactTest" name="deleteBulkContact2" time="21.354"/>
  <system-out/>
</testsuite> <!-- contactsTests.DeleteBulkContactTest -->
