<?xml version="1.0" encoding="UTF-8"?>
<!-- Generated by org.testng.reporters.JUnitReportReporter -->
<testsuite hostname="LAPTOP-PE73JGE2" failures="0" tests="6" name="contactsTests.CreateNewContactTest" time="203.225" errors="0" timestamp="2024-03-24T19:15:02 IST" skipped="0">
  <testcase classname="contactsTests.CreateNewContactTest" name="createContactWithMandatoryDetails1" time="47.043"/>
  <system-out/>
  <testcase classname="contactsTests.CreateNewContactTest" name="createContactWithMandatoryDetails1" time="28.750"/>
  <system-out/>
  <testcase classname="contactsTests.CreateNewContactTest" name="createContactWithMandatoryDetails2" time="23.704"/>
  <system-out/>
  <testcase classname="contactsTests.CreateNewContactTest" name="createContactWithMandatoryDetails1" time="27.147"/>
  <system-out/>
  <testcase classname="contactsTests.CreateNewContactTest" name="createContactWithMandatoryDetails2" time="38.030"/>
  <system-out/>
  <testcase classname="contactsTests.CreateNewContactTest" name="createContactWithMandatoryDetails2" time="38.551"/>
  <system-out/>
</testsuite> <!-- contactsTests.CreateNewContactTest -->
